ISim log file
Running: T:\benmed\Similarity_Measure\Similarity_Measure\Cos_Similarity_MEM_TB_isim_beh.exe -intstyle ise -gui -tclbatch isim.cmd -wdb T:/benmed/Similarity_Measure/Similarity_Measure/Cos_Similarity_MEM_TB_isim_beh.wdb 
ISim P.20131013 (signature 0x7708f090)
WARNING: A WEBPACK license was found.
WARNING: Please use Xilinx License Configuration Manager to check out a full ISim license.
WARNING: ISim will run in Lite mode. Please refer to the ISim documentation for more information on the differences between the Lite and the Full version.
This is a Lite version of ISim.
WARNING: File "T:/benmed/Similarity_Measure/Similarity_Measure/Cos_Similarity_MEM_TB.v" Line 9.  For instance Cos_Similarity_MEM_TB/uut/, width 128 of formal port A_flat is not equal to width 3200 of actual variable A_flat. 
WARNING: File "T:/benmed/Similarity_Measure/Similarity_Measure/Cos_Similarity_MEM_TB.v" Line 10.  For instance Cos_Similarity_MEM_TB/uut/, width 128 of formal port B_flat is not equal to width 3200 of actual variable B_flat. 
WARNING: File "T:/benmed/Similarity_Measure/Similarity_Measure/Cos_Similarity_MEM_TB.v" Line 11.  For instance Cos_Similarity_MEM_TB/uut/, width 4 of formal port A_valid_in is not equal to width 100 of actual variable A_valid_in. 
WARNING: File "T:/benmed/Similarity_Measure/Similarity_Measure/Cos_Similarity_MEM_TB.v" Line 12.  For instance Cos_Similarity_MEM_TB/uut/, width 4 of formal port B_valid_in is not equal to width 100 of actual variable B_valid_in. 
Time resolution is 1 ps
# onerror resume
# wave add /
# run 1000 ns
Simulator is doing circuit initialization process.
Finished circuit initialization process.
WARNING: This is a limited version of the ISim. The current design has exceeded the design size limit for this version and the performance of the simulation will be derated. Please contact your nearest sales office at http://www.xilinx.com/company/contact.htm or visit the Xilinx on-line store at http://www.xilinx.com/onlinestore/design_resources.htm if interested in purchasing the full, unlimited version of this simulator.
# run 2.00us
Class 7: Cosine Similarity (IEEE-754 Hex): 3f7fc2f5
Stopped at time : 1255100 ps :  in File "T:/benmed/Similarity_Measure/Similarity_Measure/Cos_Similarity_MEM_TB.v" Line 97 
