INFO:sim:172 - Generating IP...
WARNING:sim - Verilog simulation file type 'Behavioral' is not valid for this
   core. Overriding with simulation file type 'Structural'.
Resolving generics for 'FP_Divider'...
WARNING:sim - Verilog simulation file type 'Behavioral' is not valid for this
   core. Overriding with simulation file type 'Structural'.
Applying external generics to 'FP_Divider'...
Finished delivering C-model simulation files.
Delivering associated files for 'FP_Divider'...
Delivering EJava files for 'FP_Divider'...
Generating implementation netlist for 'FP_Divider'...
INFO:sim - Pre-processing HDL files for 'FP_Divider'...
Running synthesis for 'FP_Divider'
Running ngcbuild...
Writing VEO instantiation template for 'FP_Divider'...
WARNING:sim - Verilog simulation file type 'Behavioral' is not valid for this
   core. Overriding with simulation file type 'Structural'.
Writing Verilog structural simulation model for 'FP_Divider'...
Generating ASY schematic symbol...
INFO:sim:949 - Finished generation of ASY schematic symbol.
Generating SYM schematic symbol for 'FP_Divider'...
Generating metadata file...
Generating ISE project...
XCO file found: FP_Divider.xco
XMDF file found: FP_Divider_xmdf.tcl
Adding
T:/benmed/Similarity_Measure/Similarity_Measure/ipcore_dir/tmp/_cg/FP_Divider.as
y -view all -origin_type imported
Adding
T:/benmed/Similarity_Measure/Similarity_Measure/ipcore_dir/tmp/_cg/FP_Divider.ng
c -view all -origin_type created
Checking file
"T:/benmed/Similarity_Measure/Similarity_Measure/ipcore_dir/tmp/_cg/FP_Divider.n
gc" for project device match ...
File
"T:/benmed/Similarity_Measure/Similarity_Measure/ipcore_dir/tmp/_cg/FP_Divider.n
gc" device information matches project device.
Adding
T:/benmed/Similarity_Measure/Similarity_Measure/ipcore_dir/tmp/_cg/FP_Divider.sy
m -view all -origin_type imported
Adding
T:/benmed/Similarity_Measure/Similarity_Measure/ipcore_dir/tmp/_cg/FP_Divider.v
-view all -origin_type created
INFO:HDLCompiler:1845 - Analyzing Verilog file
   "T:/benmed/Similarity_Measure/Similarity_Measure/ipcore_dir/tmp/_cg/FP_Divide
   r.v" into library work
INFO:ProjectMgmt - Parsing design hierarchy completed successfully.
Adding
T:/benmed/Similarity_Measure/Similarity_Measure/ipcore_dir/tmp/_cg/FP_Divider.ve
o -view all -origin_type imported
INFO:TclTasksC:2116 - The automatic calculation of top has been turned-off.
   Please set the new top explicitly by running the "project set top" command.
   To re-calculate the new top automatically, set the "Auto Implementation Top"
   property to true.
Top level has been set to "/FP_Divider"
Generating README file...
Generating FLIST file...
INFO:sim:948 - Finished FLIST file generation.
Launching README viewer...
Moving files to output directory...
Finished moving files to output directory
Wrote CGP file for project 'FP_Divider'.
